Starting to test different parameters for Hybrid at lun nov 25 11:55:53 CET 2019
Testing parameters for LPMC_Full_L
Start with count_upd
  Value: 15
/ssoft/spack/paien/v2/opt/spack/linux-rhel7-x86_E5v4_Mellanox/gcc-7.3.0/python-3.6.5-fuxsuhr3v4fh4gdkw6xrvnctzn2meygg/lib/python3.6/site-packages/scipy/optimize/linesearch.py:313: LineSearchWarning: The line search algorithm did not converge
  warn('The line search algorithm did not converge', LineSearchWarning)
/ssoft/spack/paien/v2/opt/spack/linux-rhel7-x86_E5v4_Mellanox/gcc-7.3.0/python-3.6.5-fuxsuhr3v4fh4gdkw6xrvnctzn2meygg/lib/python3.6/site-packages/scipy/optimize/linesearch.py:422: LineSearchWarning: Rounding errors prevent the line search from converging
  warn(msg, LineSearchWarning)
../../algos/directions/Hybrid_INV.py:104: RuntimeWarning: divide by zero encountered in double_scalars
  rhok = 1.0 / (np.dot(yk, sk))
1/20 done!
2/20 done!
3/20 done!
4/20 done!
5/20 done!
6/20 done!
7/20 done!
8/20 done!
9/20 done!
10/20 done!
11/20 done!
12/20 done!
13/20 done!
14/20 done!
15/20 done!
16/20 done!
17/20 done!
18/20 done!
19/20 done!
20/20 done!

  Value: 16
1/20 done!
2/20 done!
3/20 done!
4/20 done!
5/20 done!
6/20 done!
7/20 done!
8/20 done!
9/20 done!
10/20 done!
11/20 done!
12/20 done!
13/20 done!
14/20 done!
srun: Job step aborted: Waiting up to 32 seconds for job step to finish.
slurmstepd: error: *** JOB 415863 ON h072 CANCELLED AT 2019-11-27T14:58:11 ***
slurmstepd: error: *** STEP 415863.0 ON h072 CANCELLED AT 2019-11-27T14:58:11 ***
